  FourPointLinearPlane.cpp
d:\study\compgraph\lab_3\lab_3\fourpointlinearplane.cpp(27): warning C4244: аргумент: преобразование "float" в "sf::Uint8", возможна потеря данных
d:\study\compgraph\lab_3\lab_3\fourpointlinearplane.cpp(28): warning C4244: аргумент: преобразование "float" в "sf::Uint8", возможна потеря данных
d:\study\compgraph\lab_3\lab_3\fourpointlinearplane.cpp(29): warning C4244: аргумент: преобразование "T" в "float", возможна потеря данных
          with
          [
              T=unsigned int
          ]
d:\study\compgraph\lab_3\lab_3\fourpointlinearplane.cpp(30): warning C4244: аргумент: преобразование "T" в "float", возможна потеря данных
          with
          [
              T=unsigned int
          ]
d:\study\compgraph\lab_3\lab_3\fourpointlinearplane.cpp(31): warning C4244: аргумент: преобразование "T" в "float", возможна потеря данных
          with
          [
              T=unsigned int
          ]
d:\study\compgraph\lab_3\lab_3\fourpointlinearplane.cpp(32): warning C4244: аргумент: преобразование "T" в "float", возможна потеря данных
          with
          [
              T=unsigned int
          ]
  Lab_3.vcxproj -> D:\Study\CompGraph\Lab_3\x64\Debug\Lab_3.exe
