  main.cpp
d:\study\compgraph\lab_1\lab_1\main.cpp(43): warning C4244: =: преобразование "T" в "T", возможна потеря данных
          with
          [
              T=int
          ]
          and
          [
              T=float
          ]
d:\study\compgraph\lab_1\lab_1\main.cpp(44): warning C4244: =: преобразование "T" в "T", возможна потеря данных
          with
          [
              T=int
          ]
          and
          [
              T=float
          ]
d:\study\compgraph\lab_1\lab_1\main.cpp(58): warning C4244: =: преобразование "T" в "T", возможна потеря данных
          with
          [
              T=int
          ]
          and
          [
              T=float
          ]
d:\study\compgraph\lab_1\lab_1\main.cpp(59): warning C4244: =: преобразование "T" в "T", возможна потеря данных
          with
          [
              T=int
          ]
          and
          [
              T=float
          ]
  Lab_1.vcxproj -> D:\Study\CompGraph\Lab_1\x64\Debug\Lab_1.exe
